<?xml version="1.0" encoding="UTF-8"?>
<testsuite name="com.example.CalcSpec" tests="11" skipped="0" failures="0" errors="0" timestamp="2024-01-29T05:47:57" hostname="ARCIO" time="0.104">
  <properties/>
  <testcase name="Test poprawności wyników operacji arytmetycznych [input: 2 3 +, expectedResult: 5.0, #0]" classname="com.example.CalcSpec" time="0.078"/>
  <testcase name="Test poprawności wyników operacji arytmetycznych [input: 5 3 -, expectedResult: 2.0, #1]" classname="com.example.CalcSpec" time="0.002"/>
  <testcase name="Test poprawności wyników operacji arytmetycznych [input: 4 5 *, expectedResult: 20.0, #2]" classname="com.example.CalcSpec" time="0.001"/>
  <testcase name="Test poprawności wyników operacji arytmetycznych [input: 10 2 /, expectedResult: 5.0, #3]" classname="com.example.CalcSpec" time="0.001"/>
  <testcase name="Test poprawności wyników operacji arytmetycznych [input: 2 3 ^, expectedResult: 8.0, #4]" classname="com.example.CalcSpec" time="0.004"/>
  <testcase name="Test poprawności wyników operacji arytmetycznych [input: 3 4 2 * +, expectedResult: 11.0, #5]" classname="com.example.CalcSpec" time="0.001"/>
  <testcase name="Test poprawności wyników operacji arytmetycznych [input: 2 3 + , expectedResult: 5.0, #6]" classname="com.example.CalcSpec" time="0.0"/>
  <testcase name="Test dzielenia przez zero" classname="com.example.CalcSpec" time="0.006"/>
  <testcase name="Test niepoprawnego wyrażenia - za mało operandów" classname="com.example.CalcSpec" time="0.002"/>
  <testcase name="Test niepoprawnego wyrażenia - puste wyrażenie" classname="com.example.CalcSpec" time="0.001"/>
  <testcase name="Test integracyjny klasy RPN" classname="com.example.CalcSpec" time="0.001"/>
  <system-out><![CDATA[]]></system-out>
  <system-err><![CDATA[]]></system-err>
</testsuite>
